<?xml version="1.0" encoding="UTF-8"?>
<!-- Generated by org.testng.reporters.JUnitXMLReporter -->
<testsuite hostname="DESKTOP-JL75APN" ignored="0" name="Default test" tests="3" failures="1" timestamp="2021-07-14T12:32:37 IST" time="9.331" errors="0">
  <testcase name="verifyHomePage" time="0.047" classname="com.zerobankTests.HomePageTest"/>
  <testcase name="verifyfooterText" time="0.031" classname="com.zerobankTests.HomePageTest">
    <failure type="org.junit.ComparisonFailure" message="expected:&amp;lt;[ose of demonstrating[ the functionality and effectiveness of Micro Focus Fortify’s WebInspect products in detecting andreporting Web application vulnerabilities. This site is not areal banking site and any similarities to third party productsand/or Web sites are purely coincidental. This site is provided&amp;quot;as is&amp;quot; without warranty of any kind, either express or implied.Micro Focus Fortify does not assume any risk in relation to your useof this Web site. Use of this Web site indicates that you have readand agree to Micro Focus Fortify’s Terms of Use found athttps://www.microfocus.com/about/legal/#privacy and Micro Focus Fortify’sOnline Privacy Statement found at https://www.microfocus.com/about/legal/#privacy].&amp;gt; but was:&amp;lt;[The Free Online Bank Web site is published by Micro Focus Fortify for the sole purpose of demonstrating the functionality and effectiveness of Micro Focus Fortify’s WebInspect products in detecting and reporting Web application vulnerabilities. This site is not a real banking site and any similarities to third party products and/or Web sites are purely coincidental. This site is provided &amp;quot;as is&amp;quot; without warranty of any kind, either express or implied. Micro Focus Fortify does not assume any risk in relation to your use of this Web site. Use of this Web site indicates that you have read and agree to Micro Focus Fortify’s Terms of Use found at https://www.microfocus.com/about/legal/#privacy and Micro Focus Fortify’s Online Privacy Statement found at https://www.microfocus.com/about/legal/#privacy.

Copyright © 2012-2018, Micro Focus Development Company. All rights reserved].&amp;gt;">
      <![CDATA[org.junit.ComparisonFailure: expected:<[ose of demonstrating[ the functionality and effectiveness of Micro Focus Fortify’s WebInspect products in detecting andreporting Web application vulnerabilities. This site is not areal banking site and any similarities to third party productsand/or Web sites are purely coincidental. This site is provided"as is" without warranty of any kind, either express or implied.Micro Focus Fortify does not assume any risk in relation to your useof this Web site. Use of this Web site indicates that you have readand agree to Micro Focus Fortify’s Terms of Use found athttps://www.microfocus.com/about/legal/#privacy and Micro Focus Fortify’sOnline Privacy Statement found at https://www.microfocus.com/about/legal/#privacy].> but was:<[The Free Online Bank Web site is published by Micro Focus Fortify for the sole purpose of demonstrating the functionality and effectiveness of Micro Focus Fortify’s WebInspect products in detecting and reporting Web application vulnerabilities. This site is not a real banking site and any similarities to third party products and/or Web sites are purely coincidental. This site is provided "as is" without warranty of any kind, either express or implied. Micro Focus Fortify does not assume any risk in relation to your use of this Web site. Use of this Web site indicates that you have read and agree to Micro Focus Fortify’s Terms of Use found at https://www.microfocus.com/about/legal/#privacy and Micro Focus Fortify’s Online Privacy Statement found at https://www.microfocus.com/about/legal/#privacy.

Copyright © 2012-2018, Micro Focus Development Company. All rights reserved].>
at org.junit.Assert.assertEquals(Assert.java:115)
at org.junit.Assert.assertEquals(Assert.java:144)
at com.zerobankTests.HomePageTest.verifyfooterText(HomePageTest.java:43)
at sun.reflect.NativeMethodAccessorImpl.invoke0(Native Method)
at sun.reflect.NativeMethodAccessorImpl.invoke(NativeMethodAccessorImpl.java:62)
at sun.reflect.DelegatingMethodAccessorImpl.invoke(DelegatingMethodAccessorImpl.java:43)
at java.lang.reflect.Method.invoke(Method.java:498)
at org.testng.internal.MethodInvocationHelper.invokeMethod(MethodInvocationHelper.java:132)
at org.testng.internal.TestInvoker.invokeMethod(TestInvoker.java:599)
at org.testng.internal.TestInvoker.invokeTestMethod(TestInvoker.java:174)
at org.testng.internal.MethodRunner.runInSequence(MethodRunner.java:46)
at org.testng.internal.TestInvoker$MethodInvocationAgent.invoke(TestInvoker.java:822)
at org.testng.internal.TestInvoker.invokeTestMethods(TestInvoker.java:147)
at org.testng.internal.TestMethodWorker.invokeTestMethods(TestMethodWorker.java:146)
at org.testng.internal.TestMethodWorker.run(TestMethodWorker.java:128)
at java.util.ArrayList.forEach(ArrayList.java:1259)
at org.testng.TestRunner.privateRun(TestRunner.java:764)
at org.testng.TestRunner.run(TestRunner.java:585)
at org.testng.SuiteRunner.runTest(SuiteRunner.java:384)
at org.testng.SuiteRunner.runSequentially(SuiteRunner.java:378)
at org.testng.SuiteRunner.privateRun(SuiteRunner.java:337)
at org.testng.SuiteRunner.run(SuiteRunner.java:286)
at org.testng.SuiteRunnerWorker.runSuite(SuiteRunnerWorker.java:53)
at org.testng.SuiteRunnerWorker.run(SuiteRunnerWorker.java:96)
at org.testng.TestNG.runSuitesSequentially(TestNG.java:1218)
at org.testng.TestNG.runSuitesLocally(TestNG.java:1140)
at org.testng.TestNG.runSuites(TestNG.java:1069)
at org.testng.TestNG.run(TestNG.java:1037)
at org.testng.remote.AbstractRemoteTestNG.run(AbstractRemoteTestNG.java:115)
at org.testng.remote.RemoteTestNG.initAndRun(RemoteTestNG.java:251)
at org.testng.remote.RemoteTestNG.main(RemoteTestNG.java:77)
]]>
    </failure>
  </testcase> <!-- verifyfooterText -->
  <testcase name="doClickOnSignIn" time="0.9" classname="com.zerobankTests.HomePageTest"/>
</testsuite> <!-- Default test -->
